<?xml version="1.0" encoding="UTF-8"?>
<testsuites name="Mocha Tests" time="1.0250" tests="2" failures="0">
  <testsuite name="Root Suite" timestamp="2021-03-19T21:46:41" tests="0" file="cypress/integration/WebcamComponent.spec.jsx" time="0.0000" failures="0">
  </testsuite>
  <testsuite name="Webcam component" timestamp="2021-03-19T21:46:41" tests="2" time="1.0250" failures="0">
    <testcase name="Webcam component adjusts framerate &amp; resolution when tensorflow runs on GPU" time="0.7620" classname="adjusts framerate &amp; resolution when tensorflow runs on GPU">
    </testcase>
    <testcase name="Webcam component adjusts framerate &amp; resolution when tensorflow runs on CPU" time="0.2630" classname="adjusts framerate &amp; resolution when tensorflow runs on CPU">
    </testcase>
  </testsuite>
</testsuites>