<?xml version="1.0" encoding="UTF-8"?>
<testsuites name="Mocha Tests" time="9.5490" tests="3" failures="1">
  <testsuite name="Root Suite" timestamp="2021-03-19T19:08:39" tests="0" file="cypress/integration/RegistrationCard.spec.jsx" time="0.0000" failures="0">
  </testsuite>
  <testsuite name="Registration Card" timestamp="2021-03-19T19:08:39" tests="3" time="9.5490" failures="1">
    <testcase name="Registration Card throws validation error if name not entered" time="0.0000" classname="throws validation error if name not entered">
      <failure message="The chainer `be` is a language chainer provided to improve the readability of your assertions, not an actual assertion. Please provide a valid assertion.

https://on.cypress.io/assertions" type="CypressError"><![CDATA[CypressError: The chainer `be` is a language chainer provided to improve the readability of your assertions, not an actual assertion. Please provide a valid assertion.

https://on.cypress.io/assertions
    at cypressErr (http://localhost:3000/__cypress/runner/cypress_runner.js:174213:18)
    at Object.cypressErrByPath (http://localhost:3000/__cypress/runner/cypress_runner.js:174219:10)
    at http://localhost:3000/__cypress/runner/cypress_runner.js:156033:27
    at arrayReduce (http://localhost:3000/__cypress/runner/cypress_runner.js:26206:21)
    at Function.reduce (http://localhost:3000/__cypress/runner/cypress_runner.js:35230:14)
    at applyChainers (http://localhost:3000/__cypress/runner/cypress_runner.js:156019:24)
    at tryCatcher (http://localhost:3000/__cypress/runner/cypress_runner.js:10765:23)
    at Function.Promise.attempt.Promise.try (http://localhost:3000/__cypress/runner/cypress_runner.js:8039:29)
    at Context.shouldFn (http://localhost:3000/__cypress/runner/cypress_runner.js:156048:23)
    at Context.should (http://localhost:3000/__cypress/runner/cypress_runner.js:156066:23)
    at Context.<anonymous> (http://localhost:3000/__cypress/runner/cypress_runner.js:171546:21)
From Your Spec Code:
    at Context.eval (http://localhost:3000/__cypress/tests?p=cypress/integration/RegistrationCard.spec.jsx:155:35)]]></failure>
    </testcase>
    <testcase name="Registration Card starts recording if name provided" time="0.5900" classname="starts recording if name provided">
    </testcase>
    <testcase name="Registration Card test training model" time="8.9590" classname="test training model">
    </testcase>
  </testsuite>
</testsuites>