<?xml version="1.0" encoding="UTF-8"?>
<testsuites name="Mocha Tests" time="16.5530" tests="4" failures="0">
  <testsuite name="Root Suite" timestamp="2021-03-19T21:46:01" tests="0" file="cypress/integration/ApiStatus.spec.jsx" time="0.0000" failures="0">
  </testsuite>
  <testsuite name="API Status" timestamp="2021-03-19T21:46:01" tests="4" time="16.5530" failures="0">
    <testcase name="API Status checks if api is available on loading" time="0.8260" classname="checks if api is available on loading">
    </testcase>
    <testcase name="API Status shows offline alert if api is offline" time="1.3430" classname="shows offline alert if api is offline">
    </testcase>
    <testcase name="API Status counts down until next retry" time="3.2160" classname="counts down until next retry">
    </testcase>
    <testcase name="API Status hides offline alert when api is back online" time="11.1680" classname="hides offline alert when api is back online">
    </testcase>
  </testsuite>
</testsuites>